<?xml version="1.0" encoding="UTF-8"?>
<!-- Generated by org.testng.reporters.JUnitReportReporter -->
<testsuite hostname="Mypc" name="testNG.UserReg" tests="1" failures="0" timestamp="6 Feb 2017 14:40:25 GMT" time="10.540" errors="0">
  <testcase name="User_Reg" time="10.540" classname="testNG.UserReg"/>
</testsuite> <!-- testNG.UserReg -->
