<?xml version="1.0" encoding="UTF-8"?>
<!-- Generated by org.testng.reporters.JUnitReportReporter -->
<testsuite hostname="Mypc" name="testNG.BasicAnnotationEg" tests="3" failures="0" timestamp="6 Feb 2017 13:59:58 GMT" time="0.044" errors="0">
  <testcase name="a" time="0.009" classname="testNG.BasicAnnotationEg"/>
  <testcase name="function1" time="0.016" classname="testNG.BasicAnnotationEg"/>
  <testcase name="function2" time="0.019" classname="testNG.BasicAnnotationEg"/>
</testsuite> <!-- testNG.BasicAnnotationEg -->
