<?xml version="1.0" encoding="UTF-8"?>
<!-- Generated by org.testng.reporters.JUnitReportReporter -->
<testsuite hostname="Mypc" name="grid.GridEg1" tests="2" failures="0" timestamp="8 Feb 2017 14:43:41 GMT" time="75.802" errors="0">
  <testcase name="test" time="47.702" classname="grid.GridEg1"/>
  <testcase name="test" time="28.100" classname="grid.GridEg1"/>
</testsuite> <!-- grid.GridEg1 -->
