<?xml version="1.0" encoding="UTF-8"?>
<!-- Generated by org.testng.reporters.JUnitReportReporter -->
<testsuite hostname="Mypc" name="driverScripts.Keyword" tests="1" failures="0" timestamp="7 Feb 2017 14:50:00 GMT" time="110.762" errors="0">
  <testcase name="test" time="110.762" classname="driverScripts.Keyword"/>
</testsuite> <!-- driverScripts.Keyword -->
