<?xml version="1.0" encoding="UTF-8"?>
<!-- Generated by org.testng.reporters.JUnitReportReporter -->
<testsuite hostname="Mypc" name="pom.LoginTc" tests="1" failures="0" timestamp="8 Feb 2017 14:07:20 GMT" time="13.251" errors="0">
  <testcase name="login" time="13.251" classname="pom.LoginTc"/>
</testsuite> <!-- pom.LoginTc -->
