<?xml version="1.0" encoding="UTF-8"?>
<!-- Generated by org.testng.reporters.JUnitReportReporter -->
<testsuite hostname="Mypc" name="testNG.EmpReg" tests="3" failures="0" timestamp="6 Feb 2017 14:49:54 GMT" time="17.542" errors="0">
  <testcase name="org_EmpReg" time="5.934" classname="testNG.EmpReg"/>
  <testcase name="org_EmpReg" time="5.685" classname="testNG.EmpReg"/>
  <testcase name="org_EmpReg" time="5.923" classname="testNG.EmpReg"/>
</testsuite> <!-- testNG.EmpReg -->
