<?xml version="1.0" encoding="UTF-8"?>
<!-- Generated by org.testng.reporters.JUnitReportReporter -->
<testsuite hostname="Mypc" name="driverScripts.Hybrid" tests="1" failures="0" timestamp="7 Feb 2017 14:59:47 GMT" time="65.885" errors="0">
  <testcase name="test" time="65.885" classname="driverScripts.Hybrid"/>
</testsuite> <!-- driverScripts.Hybrid -->
